INFO 2025-10-08 11:12:09,081 views_inventario 22876 23172 Iniciando criação de inventário - Usuário: admin
INFO 2025-10-08 11:12:09,081 views_inventario 22876 23172 Método GET - Carregando formulário de criação
INFO 2025-10-08 11:12:09,083 views_inventario 22876 23172 Encontradas 3 sucursais
INFO 2025-10-08 11:12:09,084 views_inventario 22876 23172 Encontrados 4 funcionários ativos
INFO 2025-10-08 11:12:09,091 views_inventario 22876 23172 Preparados 4 funcionários para o dropdown
INFO 2025-10-08 11:12:09,091 views_inventario 22876 23172 Renderizando template de criação
INFO 2025-10-08 11:12:10,314 views_inventario 22876 23172 Iniciando criação de inventário - Usuário: admin
INFO 2025-10-08 11:12:10,315 views_inventario 22876 23172 Método GET - Carregando formulário de criação
INFO 2025-10-08 11:12:10,316 views_inventario 22876 23172 Encontradas 3 sucursais
INFO 2025-10-08 11:12:10,317 views_inventario 22876 23172 Encontrados 4 funcionários ativos
INFO 2025-10-08 11:12:10,321 views_inventario 22876 23172 Preparados 4 funcionários para o dropdown
INFO 2025-10-08 11:12:10,321 views_inventario 22876 23172 Renderizando template de criação
INFO 2025-10-08 11:12:18,733 views_inventario 22876 23172 Iniciando criação de inventário - Usuário: admin
INFO 2025-10-08 11:12:18,733 views_inventario 22876 23172 Método POST detectado
INFO 2025-10-08 11:12:18,733 views_inventario 22876 23172 Dados recebidos - Nome: SD, Sucursal: 7, Data: 2025-10-08T11:12, Funcionário: 5
INFO 2025-10-08 11:12:18,733 views_inventario 22876 23172 Validando sucursal...
INFO 2025-10-08 11:12:18,735 views_inventario 22876 23172 Sucursal encontrada: Sede - Conception
INFO 2025-10-08 11:12:18,735 views_inventario 22876 23172 Importando modelo Funcionario...
INFO 2025-10-08 11:12:18,735 views_inventario 22876 23172 Modelo Funcionario importado com sucesso
INFO 2025-10-08 11:12:18,735 views_inventario 22876 23172 Buscando funcionário com ID: 5
INFO 2025-10-08 11:12:18,737 views_inventario 22876 23172 Funcionário encontrado: ANDRE ESTEVAO MACHAVA
INFO 2025-10-08 11:12:18,737 views_inventario 22876 23172 Convertendo data...
INFO 2025-10-08 11:12:18,739 views_inventario 22876 23172 Data convertida: 2025-10-08 11:12:00+00:00
INFO 2025-10-08 11:12:18,739 views_inventario 22876 23172 Criando inventário...
INFO 2025-10-08 11:12:18,742 views_inventario 22876 23172 Inventário criado com sucesso: INV0004
INFO 2025-10-08 11:12:18,742 views_inventario 22876 23172 Adicionando itens ao inventário...
INFO 2025-10-08 11:12:18,743 views_inventario 22876 23172 Encontrados 4 itens de stock na sucursal
INFO 2025-10-08 11:12:18,752 views_inventario 22876 23172 Inventário INV0004 criado com sucesso!
ERROR 2025-10-08 11:12:18,752 views_inventario 22876 23172 Erro ao criar inventário: Reverse for 'detail' with keyword arguments '{'pk': 4}' not found. 1 pattern(s) tried: ['stock/inventario/(?P<id>[0-9]+)/\\Z']
Traceback (most recent call last):
  File "D:\PROGRAMA\CONCEPTION\ANDRE\meuprojeto\empresa\views_inventario.py", line 164, in inventario_create
    return redirect('stock:inventario:detail', pk=inventario.pk)
  File "C:\Users\macha\AppData\Local\Programs\Python\Python313\Lib\site-packages\django\shortcuts.py", line 51, in redirect
    resolve_url(to, *args, **kwargs),
    ~~~~~~~~~~~^^^^^^^^^^^^^^^^^^^^^
  File "C:\Users\macha\AppData\Local\Programs\Python\Python313\Lib\site-packages\django\shortcuts.py", line 184, in resolve_url
    return reverse(to, args=args, kwargs=kwargs)
  File "C:\Users\macha\AppData\Local\Programs\Python\Python313\Lib\site-packages\django\urls\base.py", line 98, in reverse
    resolved_url = resolver._reverse_with_prefix(view, prefix, *args, **kwargs)
  File "C:\Users\macha\AppData\Local\Programs\Python\Python313\Lib\site-packages\django\urls\resolvers.py", line 831, in _reverse_with_prefix
    raise NoReverseMatch(msg)
django.urls.exceptions.NoReverseMatch: Reverse for 'detail' with keyword arguments '{'pk': 4}' not found. 1 pattern(s) tried: ['stock/inventario/(?P<id>[0-9]+)/\\Z']
INFO 2025-10-08 11:12:18,905 views_inventario 22876 23172 Iniciando criação de inventário - Usuário: admin
INFO 2025-10-08 11:12:18,906 views_inventario 22876 23172 Método GET - Carregando formulário de criação
INFO 2025-10-08 11:12:18,907 views_inventario 22876 23172 Encontradas 3 sucursais
INFO 2025-10-08 11:12:18,908 views_inventario 22876 23172 Encontrados 4 funcionários ativos
INFO 2025-10-08 11:12:18,912 views_inventario 22876 23172 Preparados 4 funcionários para o dropdown
INFO 2025-10-08 11:12:18,912 views_inventario 22876 23172 Renderizando template de criação
INFO 2025-10-08 11:12:30,482 views_inventario 22876 23172 Iniciando criação de inventário - Usuário: admin
INFO 2025-10-08 11:12:30,482 views_inventario 22876 23172 Método GET - Carregando formulário de criação
INFO 2025-10-08 11:12:30,483 views_inventario 22876 23172 Encontradas 3 sucursais
INFO 2025-10-08 11:12:30,485 views_inventario 22876 23172 Encontrados 4 funcionários ativos
INFO 2025-10-08 11:12:30,489 views_inventario 22876 23172 Preparados 4 funcionários para o dropdown
INFO 2025-10-08 11:12:30,489 views_inventario 22876 23172 Renderizando template de criação
INFO 2025-10-08 11:13:39,719 views_inventario 37232 28632 Iniciando criação de inventário - Usuário: admin
INFO 2025-10-08 11:13:39,719 views_inventario 37232 28632 Método POST detectado
INFO 2025-10-08 11:13:39,719 views_inventario 37232 28632 Dados recebidos - Nome: Andre Estevao, Sucursal: 7, Data: 2025-10-08T11:12, Funcionário: 5
INFO 2025-10-08 11:13:39,719 views_inventario 37232 28632 Validando sucursal...
INFO 2025-10-08 11:13:39,720 views_inventario 37232 28632 Sucursal encontrada: Sede - Conception
INFO 2025-10-08 11:13:39,720 views_inventario 37232 28632 Importando modelo Funcionario...
INFO 2025-10-08 11:13:39,720 views_inventario 37232 28632 Modelo Funcionario importado com sucesso
INFO 2025-10-08 11:13:39,720 views_inventario 37232 28632 Buscando funcionário com ID: 5
INFO 2025-10-08 11:13:39,722 views_inventario 37232 28632 Funcionário encontrado: ANDRE ESTEVAO MACHAVA
INFO 2025-10-08 11:13:39,722 views_inventario 37232 28632 Convertendo data...
INFO 2025-10-08 11:13:39,725 views_inventario 37232 28632 Data convertida: 2025-10-08 11:12:00+00:00
INFO 2025-10-08 11:13:39,725 views_inventario 37232 28632 Criando inventário...
INFO 2025-10-08 11:13:39,728 views_inventario 37232 28632 Inventário criado com sucesso: INV0005
INFO 2025-10-08 11:13:39,728 views_inventario 37232 28632 Adicionando itens ao inventário...
INFO 2025-10-08 11:13:39,729 views_inventario 37232 28632 Encontrados 4 itens de stock na sucursal
INFO 2025-10-08 11:13:39,736 views_inventario 37232 28632 Inventário INV0005 criado com sucesso!
INFO 2025-10-23 14:19:45,825 views_inventario 27996 1332 Iniciando criação de inventário - Usuário: admin
INFO 2025-10-23 14:19:45,825 views_inventario 27996 1332 Método GET - Carregando formulário de criação
INFO 2025-10-23 14:19:45,827 views_inventario 27996 1332 Encontradas 3 sucursais
INFO 2025-10-23 14:19:45,828 views_inventario 27996 1332 Encontrados 5 funcionários ativos
INFO 2025-10-23 14:19:45,833 views_inventario 27996 1332 Preparados 5 funcionários para o dropdown
INFO 2025-10-23 14:19:45,833 views_inventario 27996 1332 Renderizando template de criação
INFO 2025-10-23 14:20:30,355 views_inventario 27996 1332 Iniciando criação de inventário - Usuário: admin
INFO 2025-10-23 14:20:30,356 views_inventario 27996 1332 Método POST detectado
INFO 2025-10-23 14:20:30,356 views_inventario 27996 1332 Dados recebidos - Nome: ASD, Sucursal: 19, Data: 2025-10-23T14:19, Funcionário: 5
INFO 2025-10-23 14:20:30,356 views_inventario 27996 1332 Validando sucursal...
INFO 2025-10-23 14:20:30,357 views_inventario 27996 1332 Sucursal encontrada: LOJA DA MATOLA
INFO 2025-10-23 14:20:30,357 views_inventario 27996 1332 Importando modelo Funcionario...
INFO 2025-10-23 14:20:30,357 views_inventario 27996 1332 Modelo Funcionario importado com sucesso
INFO 2025-10-23 14:20:30,357 views_inventario 27996 1332 Buscando funcionário com ID: 5
INFO 2025-10-23 14:20:30,359 views_inventario 27996 1332 Funcionário encontrado: ANDRE ESTEVAO MACHAVA
INFO 2025-10-23 14:20:30,359 views_inventario 27996 1332 Convertendo data...
INFO 2025-10-23 14:20:30,363 views_inventario 27996 1332 Data convertida: 2025-10-23 14:19:00+00:00
INFO 2025-10-23 14:20:30,363 views_inventario 27996 1332 Data fim convertida: 2025-10-29 18:00:00+00:00
INFO 2025-10-23 14:20:30,363 views_inventario 27996 1332 Criando inventário...
INFO 2025-10-23 14:20:30,371 views_inventario 27996 1332 Inventário criado com sucesso: INV0008
INFO 2025-10-23 14:20:30,371 views_inventario 27996 1332 Adicionando itens ao inventário...
INFO 2025-10-23 14:20:30,373 views_inventario 27996 1332 Encontrados 4 itens de stock na sucursal
INFO 2025-10-23 14:20:30,382 views_inventario 27996 1332 Inventário INV0008 criado com sucesso!
